<?xml version="1.0" encoding="UTF-8"?>
<!-- Generated by org.testng.reporters.JUnitXMLReporter -->
<testsuite hostname="DESKTOP-4369MQT" name="Command line test" tests="3" failures="0" timestamp="5 Sep 2017 19:36:43 GMT" time="0.034" errors="0">
  <testcase name="f" time="0.008" classname="crm.testcases.LoginTest"/>
  <testcase name="f" time="0.0" classname="crm.testcases.LoginTest"/>
  <testcase name="f2" time="0.002" classname="crm.testcases.LoginTest">
    <skipped/>
  </testcase> <!-- f2 -->
</testsuite> <!-- Command line test -->
